  [1m[35m (220.6ms)[0m  [1m[35mCREATE DATABASE "shopstream_development" ENCODING = 'unicode'[0m
  [1m[35m (237.6ms)[0m  [1m[35mCREATE DATABASE "shopstream_development" ENCODING = 'unicode'[0m
  [1m[35m (187.0ms)[0m  [1m[35mCREATE DATABASE "shopstream_test" ENCODING = 'unicode'[0m
  [1m[35m (19.6ms)[0m  [1m[35mCREATE TABLE "schema_migrations" ("version" character varying NOT NULL PRIMARY KEY)[0m
  [1m[35m (4.1ms)[0m  [1m[35mCREATE TABLE "ar_internal_metadata" ("key" character varying NOT NULL PRIMARY KEY, "value" character varying, "created_at" timestamp(6) NOT NULL, "updated_at" timestamp(6) NOT NULL)[0m
  [1m[35m (0.3ms)[0m  [1m[34mSELECT pg_try_advisory_lock(6318589645312591920)[0m
  [1m[36mActiveRecord::SchemaMigration Load (0.6ms)[0m  [1m[34mSELECT "schema_migrations"."version" FROM "schema_migrations" ORDER BY "schema_migrations"."version" ASC[0m
  [1m[36mActiveRecord::InternalMetadata Load (1.6ms)[0m  [1m[34mSELECT * FROM "ar_internal_metadata" WHERE "ar_internal_metadata"."key" = $1 ORDER BY "ar_internal_metadata"."key" ASC LIMIT 1[0m  [[nil, "environment"]]
  [1m[36mActiveRecord::InternalMetadata Create (3.8ms)[0m  [1m[32mINSERT INTO "ar_internal_metadata" ("key", "value", "created_at", "updated_at") VALUES ('environment', 'development', '2026-03-30 17:42:54.267521', '2026-03-30 17:42:54.267523') RETURNING "key"[0m
Migrating to CreateProducts (20260330165019)
  [1m[36mTRANSACTION (0.4ms)[0m  [1m[35mBEGIN[0m
  [1m[35m (4.8ms)[0m  [1m[35mCREATE TABLE "products" ("id" bigserial primary key, "name" character varying NOT NULL, "price_cents" integer DEFAULT 0 NOT NULL, "description" text, "stock_count" integer DEFAULT 0 NOT NULL, "created_at" timestamp(6) NOT NULL, "updated_at" timestamp(6) NOT NULL)[0m
  [1m[36mActiveRecord::SchemaMigration Create (0.4ms)[0m  [1m[32mINSERT INTO "schema_migrations" ("version") VALUES ('20260330165019') RETURNING "version"[0m
  [1m[36mTRANSACTION (1.3ms)[0m  [1m[35mCOMMIT[0m
Migrating to CreateOrders (20260330165020)
  [1m[36mTRANSACTION (0.3ms)[0m  [1m[35mBEGIN[0m
  [1m[35m (2.8ms)[0m  [1m[35mCREATE TABLE "orders" ("id" bigserial primary key, "status" character varying DEFAULT 'pending' NOT NULL, "total_cents" integer DEFAULT 0 NOT NULL, "created_at" timestamp(6) NOT NULL, "updated_at" timestamp(6) NOT NULL)[0m
  [1m[36mActiveRecord::SchemaMigration Create (0.3ms)[0m  [1m[32mINSERT INTO "schema_migrations" ("version") VALUES ('20260330165020') RETURNING "version"[0m
  [1m[36mTRANSACTION (1.1ms)[0m  [1m[35mCOMMIT[0m
Migrating to CreateOrderItems (20260330165021)
  [1m[36mTRANSACTION (0.3ms)[0m  [1m[35mBEGIN[0m
  [1m[35m (6.1ms)[0m  [1m[35mCREATE TABLE "order_items" ("id" bigserial primary key, "order_id" bigint NOT NULL, "product_id" bigint NOT NULL, "quantity" integer DEFAULT 1 NOT NULL, "unit_price_cents" integer DEFAULT 0 NOT NULL, "created_at" timestamp(6) NOT NULL, "updated_at" timestamp(6) NOT NULL, CONSTRAINT "fk_rails_e3cb28f071"
FOREIGN KEY ("order_id")
  REFERENCES "orders" ("id")
, CONSTRAINT "fk_rails_f1a29ddd47"
FOREIGN KEY ("product_id")
  REFERENCES "products" ("id")
)[0m
  [1m[35m (1.9ms)[0m  [1m[35mCREATE INDEX "index_order_items_on_order_id" ON "order_items" ("order_id")[0m
  [1m[35m (2.2ms)[0m  [1m[35mCREATE INDEX "index_order_items_on_product_id" ON "order_items" ("product_id")[0m
  [1m[36mActiveRecord::SchemaMigration Create (0.3ms)[0m  [1m[32mINSERT INTO "schema_migrations" ("version") VALUES ('20260330165021') RETURNING "version"[0m
  [1m[36mTRANSACTION (1.3ms)[0m  [1m[35mCOMMIT[0m
  [1m[35m (0.3ms)[0m  [1m[34mSELECT pg_advisory_unlock(6318589645312591920)[0m
  [1m[36mActiveRecord::SchemaMigration Load (0.4ms)[0m  [1m[34mSELECT "schema_migrations"."version" FROM "schema_migrations" ORDER BY "schema_migrations"."version" ASC[0m
  [1m[36mActiveRecord::SchemaMigration Load (2.2ms)[0m  [1m[34mSELECT "schema_migrations"."version" FROM "schema_migrations" ORDER BY "schema_migrations"."version" ASC[0m
  [1m[36mProduct Load (0.6ms)[0m  [1m[34mSELECT "products".* FROM "products" WHERE "products"."name" = $1 LIMIT $2[0m  [["name", "Wireless Headphones"], ["LIMIT", 1]]
  [1m[36mTRANSACTION (0.3ms)[0m  [1m[35mBEGIN[0m
  [1m[36mProduct Create (0.8ms)[0m  [1m[32mINSERT INTO "products" ("name", "price_cents", "description", "stock_count", "created_at", "updated_at") VALUES ($1, $2, $3, $4, $5, $6) RETURNING "id"[0m  [["name", "Wireless Headphones"], ["price_cents", 0], ["description", nil], ["stock_count", 0], ["created_at", "2026-03-30 17:45:22.439532"], ["updated_at", "2026-03-30 17:45:22.439532"]]
  [1m[36mTRANSACTION (1.2ms)[0m  [1m[35mCOMMIT[0m
  [1m[36mTRANSACTION (0.7ms)[0m  [1m[35mBEGIN[0m
  [1m[36mProduct Update (2.7ms)[0m  [1m[33mUPDATE "products" SET "price_cents" = $1, "description" = $2, "stock_count" = $3, "updated_at" = $4 WHERE "products"."id" = $5[0m  [["price_cents", 7999], ["description", "Noise-cancelling over-ear headphones"], ["stock_count", 50], ["updated_at", "2026-03-30 17:45:22.442726"], ["id", 1]]
  [1m[36mTRANSACTION (0.7ms)[0m  [1m[35mCOMMIT[0m
  [1m[36mProduct Load (0.9ms)[0m  [1m[34mSELECT "products".* FROM "products" WHERE "products"."name" = $1 LIMIT $2[0m  [["name", "Mechanical Keyboard"], ["LIMIT", 1]]
  [1m[36mTRANSACTION (0.6ms)[0m  [1m[35mBEGIN[0m
  [1m[36mProduct Create (1.8ms)[0m  [1m[32mINSERT INTO "products" ("name", "price_cents", "description", "stock_count", "created_at", "updated_at") VALUES ($1, $2, $3, $4, $5, $6) RETURNING "id"[0m  [["name", "Mechanical Keyboard"], ["price_cents", 0], ["description", nil], ["stock_count", 0], ["created_at", "2026-03-30 17:45:22.448498"], ["updated_at", "2026-03-30 17:45:22.448498"]]
  [1m[36mTRANSACTION (0.5ms)[0m  [1m[35mCOMMIT[0m
  [1m[36mTRANSACTION (0.3ms)[0m  [1m[35mBEGIN[0m
  [1m[36mProduct Update (1.2ms)[0m  [1m[33mUPDATE "products" SET "price_cents" = $1, "description" = $2, "stock_count" = $3, "updated_at" = $4 WHERE "products"."id" = $5[0m  [["price_cents", 12999], ["description", "Tenkeyless RGB mechanical keyboard"], ["stock_count", 30], ["updated_at", "2026-03-30 17:45:22.451778"], ["id", 2]]
  [1m[36mTRANSACTION (0.5ms)[0m  [1m[35mCOMMIT[0m
  [1m[36mProduct Load (0.3ms)[0m  [1m[34mSELECT "products".* FROM "products" WHERE "products"."name" = $1 LIMIT $2[0m  [["name", "USB-C Hub"], ["LIMIT", 1]]
  [1m[36mTRANSACTION (0.3ms)[0m  [1m[35mBEGIN[0m
  [1m[36mProduct Create (1.1ms)[0m  [1m[32mINSERT INTO "products" ("name", "price_cents", "description", "stock_count", "created_at", "updated_at") VALUES ($1, $2, $3, $4, $5, $6) RETURNING "id"[0m  [["name", "USB-C Hub"], ["price_cents", 0], ["description", nil], ["stock_count", 0], ["created_at", "2026-03-30 17:45:22.455128"], ["updated_at", "2026-03-30 17:45:22.455128"]]
  [1m[36mTRANSACTION (0.5ms)[0m  [1m[35mCOMMIT[0m
  [1m[36mTRANSACTION (0.3ms)[0m  [1m[35mBEGIN[0m
  [1m[36mProduct Update (1.3ms)[0m  [1m[33mUPDATE "products" SET "price_cents" = $1, "description" = $2, "stock_count" = $3, "updated_at" = $4 WHERE "products"."id" = $5[0m  [["price_cents", 3499], ["description", "7-in-1 USB-C hub with HDMI and PD charging"], ["stock_count", 100], ["updated_at", "2026-03-30 17:45:22.457575"], ["id", 3]]
  [1m[36mTRANSACTION (0.6ms)[0m  [1m[35mCOMMIT[0m
  [1m[36mProduct Load (0.3ms)[0m  [1m[34mSELECT "products".* FROM "products" WHERE "products"."name" = $1 LIMIT $2[0m  [["name", "Webcam 1080p"], ["LIMIT", 1]]
  [1m[36mTRANSACTION (0.3ms)[0m  [1m[35mBEGIN[0m
  [1m[36mProduct Create (1.2ms)[0m  [1m[32mINSERT INTO "products" ("name", "price_cents", "description", "stock_count", "created_at", "updated_at") VALUES ($1, $2, $3, $4, $5, $6) RETURNING "id"[0m  [["name", "Webcam 1080p"], ["price_cents", 0], ["description", nil], ["stock_count", 0], ["created_at", "2026-03-30 17:45:22.461117"], ["updated_at", "2026-03-30 17:45:22.461117"]]
  [1m[36mTRANSACTION (0.7ms)[0m  [1m[35mCOMMIT[0m
  [1m[36mTRANSACTION (0.4ms)[0m  [1m[35mBEGIN[0m
  [1m[36mProduct Update (1.7ms)[0m  [1m[33mUPDATE "products" SET "price_cents" = $1, "description" = $2, "stock_count" = $3, "updated_at" = $4 WHERE "products"."id" = $5[0m  [["price_cents", 5999], ["description", "Full HD webcam with built-in microphone"], ["stock_count", 75], ["updated_at", "2026-03-30 17:45:22.464338"], ["id", 4]]
  [1m[36mTRANSACTION (0.7ms)[0m  [1m[35mCOMMIT[0m
  [1m[36mProduct Load (0.3ms)[0m  [1m[34mSELECT "products".* FROM "products" WHERE "products"."name" = $1 LIMIT $2[0m  [["name", "Desk Mat"], ["LIMIT", 1]]
  [1m[36mTRANSACTION (0.3ms)[0m  [1m[35mBEGIN[0m
  [1m[36mProduct Create (1.1ms)[0m  [1m[32mINSERT INTO "products" ("name", "price_cents", "description", "stock_count", "created_at", "updated_at") VALUES ($1, $2, $3, $4, $5, $6) RETURNING "id"[0m  [["name", "Desk Mat"], ["price_cents", 0], ["description", nil], ["stock_count", 0], ["created_at", "2026-03-30 17:45:22.468622"], ["updated_at", "2026-03-30 17:45:22.468622"]]
  [1m[36mTRANSACTION (0.4ms)[0m  [1m[35mCOMMIT[0m
  [1m[36mTRANSACTION (0.3ms)[0m  [1m[35mBEGIN[0m
  [1m[36mProduct Update (1.4ms)[0m  [1m[33mUPDATE "products" SET "price_cents" = $1, "description" = $2, "stock_count" = $3, "updated_at" = $4 WHERE "products"."id" = $5[0m  [["price_cents", 1999], ["description", "Large extended mouse pad, 90x40cm"], ["stock_count", 200], ["updated_at", "2026-03-30 17:45:22.471021"], ["id", 5]]
  [1m[36mTRANSACTION (0.4ms)[0m  [1m[35mCOMMIT[0m
  [1m[36mTRANSACTION (0.3ms)[0m  [1m[35mBEGIN[0m
  [1m[36mOrder Create (5.4ms)[0m  [1m[32mINSERT INTO "orders" ("status", "total_cents", "created_at", "updated_at") VALUES ($1, $2, $3, $4) RETURNING "id"[0m  [["status", "confirmed"], ["total_cents", 0], ["created_at", "2026-03-30 17:45:22.477965"], ["updated_at", "2026-03-30 17:45:22.477965"]]
  [1m[36mTRANSACTION (0.5ms)[0m  [1m[35mCOMMIT[0m
  [1m[36mProduct Load (0.5ms)[0m  [1m[34mSELECT "products".* FROM "products" WHERE "products"."name" = $1 LIMIT $2[0m  [["name", "Wireless Headphones"], ["LIMIT", 1]]
  [1m[36mTRANSACTION (0.4ms)[0m  [1m[35mBEGIN[0m
  [1m[36mOrderItem Create (2.4ms)[0m  [1m[32mINSERT INTO "order_items" ("order_id", "product_id", "quantity", "unit_price_cents", "created_at", "updated_at") VALUES ($1, $2, $3, $4, $5, $6) RETURNING "id"[0m  [["order_id", 1], ["product_id", 1], ["quantity", 1], ["unit_price_cents", 7999], ["created_at", "2026-03-30 17:45:22.503690"], ["updated_at", "2026-03-30 17:45:22.503690"]]
  [1m[36mTRANSACTION (0.6ms)[0m  [1m[35mCOMMIT[0m
  [1m[36mProduct Load (0.4ms)[0m  [1m[34mSELECT "products".* FROM "products" WHERE "products"."name" = $1 LIMIT $2[0m  [["name", "USB-C Hub"], ["LIMIT", 1]]
  [1m[36mTRANSACTION (0.3ms)[0m  [1m[35mBEGIN[0m
  [1m[36mOrderItem Create (2.0ms)[0m  [1m[32mINSERT INTO "order_items" ("order_id", "product_id", "quantity", "unit_price_cents", "created_at", "updated_at") VALUES ($1, $2, $3, $4, $5, $6) RETURNING "id"[0m  [["order_id", 1], ["product_id", 3], ["quantity", 2], ["unit_price_cents", 3499], ["created_at", "2026-03-30 17:45:22.508903"], ["updated_at", "2026-03-30 17:45:22.508903"]]
  [1m[36mTRANSACTION (0.4ms)[0m  [1m[35mCOMMIT[0m
  [1m[36mOrderItem Load (0.4ms)[0m  [1m[34mSELECT "order_items".* FROM "order_items" WHERE "order_items"."order_id" = $1[0m  [["order_id", 1]]
  ↳ app/models/order.rb:10:in `recalculate_total!'
  [1m[36mTRANSACTION (0.3ms)[0m  [1m[35mBEGIN[0m
  ↳ app/models/order.rb:10:in `recalculate_total!'
  [1m[36mOrder Update (0.9ms)[0m  [1m[33mUPDATE "orders" SET "total_cents" = $1, "updated_at" = $2 WHERE "orders"."id" = $3[0m  [["total_cents", 14997], ["updated_at", "2026-03-30 17:45:22.513878"], ["id", 1]]
  ↳ app/models/order.rb:10:in `recalculate_total!'
  [1m[36mTRANSACTION (1.1ms)[0m  [1m[35mCOMMIT[0m
  ↳ app/models/order.rb:10:in `recalculate_total!'
  [1m[36mTRANSACTION (0.2ms)[0m  [1m[35mBEGIN[0m
  [1m[36mOrder Create (0.9ms)[0m  [1m[32mINSERT INTO "orders" ("status", "total_cents", "created_at", "updated_at") VALUES ($1, $2, $3, $4) RETURNING "id"[0m  [["status", "pending"], ["total_cents", 0], ["created_at", "2026-03-30 17:45:22.516675"], ["updated_at", "2026-03-30 17:45:22.516675"]]
  [1m[36mTRANSACTION (0.4ms)[0m  [1m[35mCOMMIT[0m
  [1m[36mProduct Load (0.3ms)[0m  [1m[34mSELECT "products".* FROM "products" WHERE "products"."name" = $1 LIMIT $2[0m  [["name", "Mechanical Keyboard"], ["LIMIT", 1]]
  [1m[36mTRANSACTION (0.3ms)[0m  [1m[35mBEGIN[0m
  [1m[36mOrderItem Create (1.0ms)[0m  [1m[32mINSERT INTO "order_items" ("order_id", "product_id", "quantity", "unit_price_cents", "created_at", "updated_at") VALUES ($1, $2, $3, $4, $5, $6) RETURNING "id"[0m  [["order_id", 2], ["product_id", 2], ["quantity", 1], ["unit_price_cents", 12999], ["created_at", "2026-03-30 17:45:22.519690"], ["updated_at", "2026-03-30 17:45:22.519690"]]
  [1m[36mTRANSACTION (0.4ms)[0m  [1m[35mCOMMIT[0m
  [1m[36mOrderItem Load (0.3ms)[0m  [1m[34mSELECT "order_items".* FROM "order_items" WHERE "order_items"."order_id" = $1[0m  [["order_id", 2]]
  ↳ app/models/order.rb:10:in `recalculate_total!'
  [1m[36mTRANSACTION (0.2ms)[0m  [1m[35mBEGIN[0m
  ↳ app/models/order.rb:10:in `recalculate_total!'
  [1m[36mOrder Update (0.8ms)[0m  [1m[33mUPDATE "orders" SET "total_cents" = $1, "updated_at" = $2 WHERE "orders"."id" = $3[0m  [["total_cents", 12999], ["updated_at", "2026-03-30 17:45:22.522571"], ["id", 2]]
  ↳ app/models/order.rb:10:in `recalculate_total!'
  [1m[36mTRANSACTION (0.4ms)[0m  [1m[35mCOMMIT[0m
  ↳ app/models/order.rb:10:in `recalculate_total!'
  [1m[36mProduct Count (2.0ms)[0m  [1m[34mSELECT COUNT(*) FROM "products"[0m
  [1m[36mOrder Count (0.3ms)[0m  [1m[34mSELECT COUNT(*) FROM "orders"[0m
Started GET "/api/v1/products" for ::1 at 2026-03-30 13:53:30 -0400
Started GET "/api/v1/products" for ::1 at 2026-03-30 13:54:33 -0400
  [1m[36mActiveRecord::SchemaMigration Load (1.8ms)[0m  [1m[34mSELECT "schema_migrations"."version" FROM "schema_migrations" ORDER BY "schema_migrations"."version" ASC[0m
Processing by Api::V1::ProductsController#index as */*
  [1m[36mProduct Load (34.5ms)[0m  [1m[34mSELECT "products".* FROM "products"[0m
  ↳ app/controllers/api/v1/products_controller.rb:5:in `index'
Completed 200 OK in 61ms (Views: -1.9ms | ActiveRecord: 53.7ms (1 query, 0 cached) | GC: 0.0ms)


Started GET "/api/v1/orders" for ::1 at 2026-03-30 13:54:42 -0400
Processing by Api::V1::OrdersController#index as */*
  [1m[36mOrder Load (6.1ms)[0m  [1m[34mSELECT "orders".* FROM "orders"[0m
  ↳ app/controllers/api/v1/orders_controller.rb:5:in `index'
  [1m[36mOrderItem Load (2.9ms)[0m  [1m[34mSELECT "order_items".* FROM "order_items" WHERE "order_items"."order_id" IN ($1, $2)[0m  [["order_id", 1], ["order_id", 2]]
  ↳ app/controllers/api/v1/orders_controller.rb:5:in `index'
Completed 200 OK in 47ms (Views: 14.9ms | ActiveRecord: 23.7ms (2 queries, 0 cached) | GC: 0.0ms)


Started GET "/api/v1/orders/1" for ::1 at 2026-03-30 13:54:42 -0400
Processing by Api::V1::OrdersController#show as */*
  Parameters: {"id"=>"1"}
  [1m[36mOrder Load (0.9ms)[0m  [1m[34mSELECT "orders".* FROM "orders" WHERE "orders"."id" = $1 LIMIT $2[0m  [["id", 1], ["LIMIT", 1]]
  ↳ app/controllers/api/v1/orders_controller.rb:38:in `order'
  [1m[36mOrderItem Load (0.9ms)[0m  [1m[34mSELECT "order_items".* FROM "order_items" WHERE "order_items"."order_id" = $1[0m  [["order_id", 1]]
  ↳ app/controllers/api/v1/orders_controller.rb:38:in `order'
  [1m[36mProduct Load (0.8ms)[0m  [1m[34mSELECT "products".* FROM "products" WHERE "products"."id" = $1 LIMIT $2[0m  [["id", 1], ["LIMIT", 1]]
  ↳ app/controllers/api/v1/orders_controller.rb:9:in `show'
  [1m[36mProduct Load (1.0ms)[0m  [1m[34mSELECT "products".* FROM "products" WHERE "products"."id" = $1 LIMIT $2[0m  [["id", 3], ["LIMIT", 1]]
  ↳ app/controllers/api/v1/orders_controller.rb:9:in `show'
Completed 200 OK in 11ms (Views: 2.8ms | ActiveRecord: 4.7ms (4 queries, 0 cached) | GC: 0.0ms)


Started POST "/api/v1/orders" for ::1 at 2026-03-30 13:54:42 -0400
Processing by Api::V1::OrdersController#create as */*
  Parameters: {"order_items"=>[{"product_id"=>1, "quantity"=>2}, {"product_id"=>5, "quantity"=>1}], "order"=>{}}
  [1m[36mTRANSACTION (2.3ms)[0m  [1m[35mBEGIN[0m
  ↳ app/controllers/api/v1/orders_controller.rb:16:in `block in create'
  [1m[36mOrder Create (5.4ms)[0m  [1m[32mINSERT INTO "orders" ("status", "total_cents", "created_at", "updated_at") VALUES ($1, $2, $3, $4) RETURNING "id"[0m  [["status", "pending"], ["total_cents", 0], ["created_at", "2026-03-30 17:54:42.232815"], ["updated_at", "2026-03-30 17:54:42.232815"]]
  ↳ app/controllers/api/v1/orders_controller.rb:16:in `block in create'
  [1m[36mProduct Load (1.5ms)[0m  [1m[34mSELECT "products".* FROM "products" WHERE "products"."id" = $1 LIMIT $2[0m  [["id", 1], ["LIMIT", 1]]
  ↳ app/controllers/api/v1/orders_controller.rb:18:in `block (2 levels) in create'
  [1m[36mOrderItem Create (3.2ms)[0m  [1m[32mINSERT INTO "order_items" ("order_id", "product_id", "quantity", "unit_price_cents", "created_at", "updated_at") VALUES ($1, $2, $3, $4, $5, $6) RETURNING "id"[0m  [["order_id", 3], ["product_id", 1], ["quantity", 2], ["unit_price_cents", 7999], ["created_at", "2026-03-30 17:54:42.241945"], ["updated_at", "2026-03-30 17:54:42.241945"]]
  ↳ app/controllers/api/v1/orders_controller.rb:19:in `block (2 levels) in create'
  [1m[36mProduct Load (0.7ms)[0m  [1m[34mSELECT "products".* FROM "products" WHERE "products"."id" = $1 LIMIT $2[0m  [["id", 5], ["LIMIT", 1]]
  ↳ app/controllers/api/v1/orders_controller.rb:18:in `block (2 levels) in create'
  [1m[36mOrderItem Create (0.9ms)[0m  [1m[32mINSERT INTO "order_items" ("order_id", "product_id", "quantity", "unit_price_cents", "created_at", "updated_at") VALUES ($1, $2, $3, $4, $5, $6) RETURNING "id"[0m  [["order_id", 3], ["product_id", 5], ["quantity", 1], ["unit_price_cents", 1999], ["created_at", "2026-03-30 17:54:42.246755"], ["updated_at", "2026-03-30 17:54:42.246755"]]
  ↳ app/controllers/api/v1/orders_controller.rb:19:in `block (2 levels) in create'
  [1m[36mOrderItem Load (0.7ms)[0m  [1m[34mSELECT "order_items".* FROM "order_items" WHERE "order_items"."order_id" = $1[0m  [["order_id", 3]]
  ↳ app/models/order.rb:10:in `recalculate_total!'
  [1m[36mOrder Update (0.8ms)[0m  [1m[33mUPDATE "orders" SET "total_cents" = $1, "updated_at" = $2 WHERE "orders"."id" = $3[0m  [["total_cents", 17997], ["updated_at", "2026-03-30 17:54:42.249638"], ["id", 3]]
  ↳ app/models/order.rb:10:in `recalculate_total!'
  [1m[36mTRANSACTION (2.1ms)[0m  [1m[35mCOMMIT[0m
  ↳ app/controllers/api/v1/orders_controller.rb:15:in `create'
Completed 201 Created in 21ms (Views: 0.1ms | ActiveRecord: 17.6ms (7 queries, 0 cached) | GC: 1.1ms)


Started POST "/api/v1/orders" for ::1 at 2026-03-30 13:54:42 -0400
Processing by Api::V1::OrdersController#create as */*
  Parameters: {"order_items"=>[{"product_id"=>9999, "quantity"=>1}], "order"=>{}}
  [1m[36mTRANSACTION (1.3ms)[0m  [1m[35mBEGIN[0m
  ↳ app/controllers/api/v1/orders_controller.rb:16:in `block in create'
  [1m[36mOrder Create (2.8ms)[0m  [1m[32mINSERT INTO "orders" ("status", "total_cents", "created_at", "updated_at") VALUES ($1, $2, $3, $4) RETURNING "id"[0m  [["status", "pending"], ["total_cents", 0], ["created_at", "2026-03-30 17:54:42.266184"], ["updated_at", "2026-03-30 17:54:42.266184"]]
  ↳ app/controllers/api/v1/orders_controller.rb:16:in `block in create'
  [1m[36mProduct Load (1.3ms)[0m  [1m[34mSELECT "products".* FROM "products" WHERE "products"."id" = $1 LIMIT $2[0m  [["id", 9999], ["LIMIT", 1]]
  ↳ app/controllers/api/v1/orders_controller.rb:18:in `block (2 levels) in create'
  [1m[36mTRANSACTION (3.6ms)[0m  [1m[31mROLLBACK[0m
  ↳ app/controllers/api/v1/orders_controller.rb:15:in `create'
Completed 404 Not Found in 9ms (Views: 0.1ms | ActiveRecord: 8.8ms (2 queries, 0 cached) | GC: 0.2ms)


Started GET "/api/v1/products" for ::1 at 2026-03-30 13:55:30 -0400
  [1m[36mActiveRecord::SchemaMigration Load (2.7ms)[0m  [1m[34mSELECT "schema_migrations"."version" FROM "schema_migrations" ORDER BY "schema_migrations"."version" ASC[0m
Processing by Api::V1::ProductsController#index as */*
  [1m[36mProduct Load (22.3ms)[0m  [1m[34mSELECT "products".* FROM "products"[0m
  ↳ app/controllers/api/v1/products_controller.rb:5:in `index'
Completed 200 OK in 42ms (Views: -2.8ms | ActiveRecord: 34.8ms (1 query, 0 cached) | GC: 0.0ms)


Started GET "/api/v1/products" for ::1 at 2026-03-30 13:55:43 -0400
Processing by Api::V1::ProductsController#index as HTML
  [1m[36mProduct Load (8.3ms)[0m  [1m[34mSELECT "products".* FROM "products"[0m
  ↳ app/controllers/api/v1/products_controller.rb:5:in `index'
Completed 200 OK in 12ms (Views: 2.8ms | ActiveRecord: 8.3ms (1 query, 0 cached) | GC: 0.0ms)


Started GET "/favicon.ico" for ::1 at 2026-03-30 13:55:44 -0400
  
ActionController::RoutingError (No route matches [GET] "/favicon.ico"):
  
Started GET "/api/v1/orders" for ::1 at 2026-03-30 13:55:59 -0400
Processing by Api::V1::OrdersController#index as HTML
  [1m[36mOrder Load (8.3ms)[0m  [1m[34mSELECT "orders".* FROM "orders"[0m
  ↳ app/controllers/api/v1/orders_controller.rb:5:in `index'
  [1m[36mOrderItem Load (2.3ms)[0m  [1m[34mSELECT "order_items".* FROM "order_items" WHERE "order_items"."order_id" IN ($1, $2, $3)[0m  [["order_id", 1], ["order_id", 2], ["order_id", 3]]
  ↳ app/controllers/api/v1/orders_controller.rb:5:in `index'
Completed 200 OK in 43ms (Views: 15.3ms | ActiveRecord: 24.2ms (2 queries, 0 cached) | GC: 0.0ms)


Started GET "/api/v1/orders/1" for ::1 at 2026-03-30 13:56:05 -0400
Processing by Api::V1::OrdersController#show as HTML
  Parameters: {"id"=>"1"}
  [1m[36mOrder Load (1.3ms)[0m  [1m[34mSELECT "orders".* FROM "orders" WHERE "orders"."id" = $1 LIMIT $2[0m  [["id", 1], ["LIMIT", 1]]
  ↳ app/controllers/api/v1/orders_controller.rb:38:in `order'
  [1m[36mOrderItem Load (4.9ms)[0m  [1m[34mSELECT "order_items".* FROM "order_items" WHERE "order_items"."order_id" = $1[0m  [["order_id", 1]]
  ↳ app/controllers/api/v1/orders_controller.rb:38:in `order'
  [1m[36mProduct Load (0.9ms)[0m  [1m[34mSELECT "products".* FROM "products" WHERE "products"."id" = $1 LIMIT $2[0m  [["id", 1], ["LIMIT", 1]]
  ↳ app/controllers/api/v1/orders_controller.rb:9:in `show'
  [1m[36mProduct Load (0.8ms)[0m  [1m[34mSELECT "products".* FROM "products" WHERE "products"."id" = $1 LIMIT $2[0m  [["id", 3], ["LIMIT", 1]]
  ↳ app/controllers/api/v1/orders_controller.rb:9:in `show'
Completed 200 OK in 38ms (Views: 10.3ms | ActiveRecord: 14.6ms (4 queries, 0 cached) | GC: 0.0ms)


Started GET "/up" for ::1 at 2026-03-30 13:56:16 -0400
Processing by Rails::HealthController#show as HTML
  Rendering html template
  Rendered html template (Duration: 0.5ms | GC: 0.0ms)
Completed 200 OK in 16ms (Views: 3.7ms | ActiveRecord: 0.0ms (0 queries, 0 cached) | GC: 0.0ms)


Started GET "/" for ::1 at 2026-03-30 13:56:22 -0400
Processing by Rails::WelcomeController#index as HTML
  Rendering /Users/ajaydhungel/.rbenv/versions/3.2.2/lib/ruby/gems/3.2.0/gems/railties-7.2.3.1/lib/rails/templates/rails/welcome/index.html.erb
  Rendered /Users/ajaydhungel/.rbenv/versions/3.2.2/lib/ruby/gems/3.2.0/gems/railties-7.2.3.1/lib/rails/templates/rails/welcome/index.html.erb (Duration: 1.1ms | GC: 0.0ms)
Completed 200 OK in 4ms (Views: 2.0ms | ActiveRecord: 0.0ms (0 queries, 0 cached) | GC: 0.0ms)


Started GET "/icon.png" for ::1 at 2026-03-30 13:56:22 -0400
  
ActionController::RoutingError (No route matches [GET] "/icon.png"):
  
